#
# There is insufficient memory for the Java Runtime Environment to continue.
# Native memory allocation (mmap) failed to map 268435456 bytes for G1 virtual space
# Possible reasons:
#   The system is out of physical RAM or swap space
#   The process is running with CompressedOops enabled, and the Java Heap may be blocking the growth of the native heap
# Possible solutions:
#   Reduce memory load on the system
#   Increase physical memory or swap space
#   Check if swap backing store is full
#   Decrease Java heap size (-Xmx/-Xms)
#   Decrease number of Java threads
#   Decrease Java thread stack sizes (-Xss)
#   Set larger code cache with -XX:ReservedCodeCacheSize=
#   JVM is running with Zero Based Compressed Oops mode in which the Java heap is
#     placed in the first 32GB address space. The Java Heap base address is the
#     maximum limit for the native heap growth. Please use -XX:HeapBaseMinAddress
#     to set the Java Heap base and to place the Java Heap above 32GB virtual address.
# This output file may be truncated or incomplete.
#
#  Out of Memory Error (os_windows.cpp:3466), pid=22756, tid=2352
#
# JRE version:  (16.0.1+9) (build )
# Java VM: Java HotSpot(TM) 64-Bit Server VM (16.0.1+9-24, mixed mode, sharing, tiered, compressed oops, compressed class ptrs, g1 gc, windows-amd64)
# No core dump will be written. Minidumps are not enabled by default on client versions of Windows
#

---------------  S U M M A R Y ------------

Command Line: -Dmaven.multiModuleProjectDirectory=E:\Jeff\IdeaProjects\Conduit -Dmaven.home=D:\Programming\IntelliJ IDEA Community Edition\plugins\maven\lib\maven3 -Dclassworlds.conf=D:\Programming\IntelliJ IDEA Community Edition\plugins\maven\lib\maven3\bin\m2.conf -Dmaven.ext.class.path=D:\Programming\IntelliJ IDEA Community Edition\plugins\maven\lib\maven-event-listener.jar -javaagent:D:\Programming\IntelliJ IDEA Community Edition\lib\idea_rt.jar=60445:D:\Programming\IntelliJ IDEA Community Edition\bin -Dfile.encoding=UTF-8 org.codehaus.classworlds.Launcher -Didea.version=2021.1.2 -DskipTests=true clean install

Host: AMD Ryzen 7 5800X 8-Core Processor             , 16 cores, 15G,  Windows 10 , 64 bit Build 19041 (10.0.19041.1023)
Time: Sun Jun 27 03:45:02 2021 Taipei Standard Time elapsed time: 0.008007 seconds (0d 0h 0m 0s)

---------------  T H R E A D  ---------------

Current thread (0x00000244b031baf0):  JavaThread "Unknown thread" [_thread_in_vm, id=2352, stack(0x000000d750900000,0x000000d750a00000)]

Stack: [0x000000d750900000,0x000000d750a00000]
Native frames: (J=compiled Java code, j=interpreted, Vv=VM code, C=native code)
V  [jvm.dll+0x6687ca]
V  [jvm.dll+0x7ca3c9]
V  [jvm.dll+0x7cbb53]
V  [jvm.dll+0x7cc1b3]
V  [jvm.dll+0x242ea5]
V  [jvm.dll+0x665589]
V  [jvm.dll+0x65a175]
V  [jvm.dll+0x2fc5ab]
V  [jvm.dll+0x3037a6]
V  [jvm.dll+0x352fee]
V  [jvm.dll+0x35321f]
V  [jvm.dll+0x2d3618]
V  [jvm.dll+0x2d4854]
V  [jvm.dll+0x79ccb1]
V  [jvm.dll+0x360de1]
V  [jvm.dll+0x77a990]
V  [jvm.dll+0x3e55af]
V  [jvm.dll+0x3e7081]
C  [jli.dll+0x52fb]
C  [ucrtbase.dll+0x21bb2]
C  [KERNEL32.DLL+0x17034]
C  [ntdll.dll+0x52651]


---------------  P R O C E S S  ---------------

Threads class SMR info:
_java_thread_list=0x00007ffd8744cbb8, length=0, elements={
}

Java Threads: ( => current thread )

Other Threads:
  0x00000244b036a210 GCTaskThread "GC Thread#0" [stack: 0x000000d750a00000,0x000000d750b00000] [id=26004]
  0x00000244b037c200 ConcurrentGCThread "G1 Main Marker" [stack: 0x000000d750b00000,0x000000d750c00000] [id=19764]
  0x00000244b037d2b0 ConcurrentGCThread "G1 Conc#0" [stack: 0x000000d750c00000,0x000000d750d00000] [id=8024]

[error occurred during error reporting (printing all threads), id 0xc0000005, EXCEPTION_ACCESS_VIOLATION (0xc0000005) at pc=0x00007ffd86c244d7]

VM state: not at safepoint (not fully initialized)

VM Mutex/Monitor currently owned by a thread:  ([mutex/lock_event])
[0x00000244b0318ea0] Heap_lock - owner thread: 0x00000244b031baf0

Heap address: 0x0000000700c00000, size: 4084 MB, Compressed Oops mode: Zero based, Oop shift amount: 3

CDS archive(s) mapped at: [0x0000000000000000-0x0000000000000000-0x0000000000000000), size 0, SharedBaseAddress: 0x0000000800000000, ArchiveRelocationMode: 0.
Narrow klass base: 0x0000000000000000, Narrow klass shift: 0, Narrow klass range: 0x0

GC Precious Log:
<Empty>

Heap:
 garbage-first heap   total 0K, used 0K [0x0000000700c00000, 0x0000000800000000)
  region size 2048K, 0 young (0K), 0 survivors (0K)

[error occurred during error reporting (printing heap information), id 0xc0000005, EXCEPTION_ACCESS_VIOLATION (0xc0000005) at pc=0x00007ffd870024ed]

GC Heap History (0 events):
No events

Deoptimization events (0 events):
No events

Classes unloaded (0 events):
No events

Classes redefined (0 events):
No events

Internal exceptions (0 events):
No events

Events (1 events):
Event: 0.005 Loaded shared library D:\Programming\Java 16\bin\java.dll


Dynamic libraries:
0x00007ff605230000 - 0x00007ff605240000 	D:\Programming\Java 16\bin\java.exe
0x00007ffe100f0000 - 0x00007ffe102e5000 	C:\WINDOWS\SYSTEM32\ntdll.dll
0x00007ffe0e3e0000 - 0x00007ffe0e49d000 	C:\WINDOWS\System32\KERNEL32.DLL
0x00007ffe0d8d0000 - 0x00007ffe0db98000 	C:\WINDOWS\System32\KERNELBASE.dll
0x00007ffe0ded0000 - 0x00007ffe0dfd0000 	C:\WINDOWS\System32\ucrtbase.dll
0x00007ffe03fe0000 - 0x00007ffe03ff8000 	D:\Programming\Java 16\bin\jli.dll
0x00007ffe0fd00000 - 0x00007ffe0fdac000 	C:\WINDOWS\System32\ADVAPI32.dll
0x00007ffe0f930000 - 0x00007ffe0f9ce000 	C:\WINDOWS\System32\msvcrt.dll
0x00007ffe0f890000 - 0x00007ffe0f92b000 	C:\WINDOWS\System32\sechost.dll
0x00007ffe0ff50000 - 0x00007ffe1007b000 	C:\WINDOWS\System32\RPCRT4.dll
0x00007ffe0fdb0000 - 0x00007ffe0ff50000 	C:\WINDOWS\System32\USER32.dll
0x00007ffe0e020000 - 0x00007ffe0e042000 	C:\WINDOWS\System32\win32u.dll
0x00007ffe0f7a0000 - 0x00007ffe0f7ca000 	C:\WINDOWS\System32\GDI32.dll
0x00007ffe0dba0000 - 0x00007ffe0dcab000 	C:\WINDOWS\System32\gdi32full.dll
0x00007ffe0d830000 - 0x00007ffe0d8cd000 	C:\WINDOWS\System32\msvcp_win.dll
0x00007ffdf7b10000 - 0x00007ffdf7b29000 	D:\Programming\Java 16\bin\VCRUNTIME140.dll
0x00007ffdf8850000 - 0x00007ffdf8aea000 	C:\WINDOWS\WinSxS\amd64_microsoft.windows.common-controls_6595b64144ccf1df_6.0.19041.1052_none_60b8f8fd71f5e8cb\COMCTL32.dll
0x00007ffe03790000 - 0x00007ffe0379a000 	C:\WINDOWS\SYSTEM32\VERSION.dll
0x00007ffe10080000 - 0x00007ffe100b0000 	C:\WINDOWS\System32\IMM32.DLL
0x00007ffdf3680000 - 0x00007ffdf37a8000 	C:\Program Files (x86)\Citrix\ICA Client\epclient64.dll
0x00007ffe0c570000 - 0x00007ffe0c5a3000 	C:\WINDOWS\SYSTEM32\ntmarta.dll
0x00007ffe08f10000 - 0x00007ffe08f1c000 	D:\Programming\Java 16\bin\vcruntime140_1.dll
0x00007ffde0ce0000 - 0x00007ffde0d71000 	D:\Programming\Java 16\bin\msvcp140.dll
0x00007ffd86940000 - 0x00007ffd874eb000 	D:\Programming\Java 16\bin\server\jvm.dll
0x00007ffe0e4a0000 - 0x00007ffe0e4a8000 	C:\WINDOWS\System32\PSAPI.DLL
0x00007ffdf3470000 - 0x00007ffdf3479000 	C:\WINDOWS\SYSTEM32\WSOCK32.dll
0x00007ffe0fb80000 - 0x00007ffe0fbeb000 	C:\WINDOWS\System32\WS2_32.dll
0x00007ffe029f0000 - 0x00007ffe02a17000 	C:\WINDOWS\SYSTEM32\WINMM.dll
0x00007ffe0c120000 - 0x00007ffe0c132000 	C:\WINDOWS\SYSTEM32\kernel.appcore.dll
0x00007ffe07900000 - 0x00007ffe0790a000 	D:\Programming\Java 16\bin\jimage.dll
0x00007ffe0bc70000 - 0x00007ffe0be54000 	C:\WINDOWS\SYSTEM32\DBGHELP.DLL
0x00007ffdeef60000 - 0x00007ffdeef8c000 	C:\WINDOWS\SYSTEM32\dbgcore.DLL
0x00000244afa50000 - 0x00000244afad3000 	C:\WINDOWS\System32\bcryptPrimitives.dll
0x00007ffe08f70000 - 0x00007ffe08f7e000 	D:\Programming\Java 16\bin\instrument.dll
0x00007ffdf4cb0000 - 0x00007ffdf4cd5000 	D:\Programming\Java 16\bin\java.dll

dbghelp: loaded successfully - version: 4.0.5 - missing functions: none
symbol engine: initialized successfully - sym options: 0x614 - pdb path: .;D:\Programming\Java 16\bin;C:\WINDOWS\SYSTEM32;C:\WINDOWS\WinSxS\amd64_microsoft.windows.common-controls_6595b64144ccf1df_6.0.19041.1052_none_60b8f8fd71f5e8cb;C:\Program Files (x86)\Citrix\ICA Client;D:\Programming\Java 16\bin\server

VM Arguments:
jvm_args: -Dmaven.multiModuleProjectDirectory=E:\Jeff\IdeaProjects\Conduit -Dmaven.home=D:\Programming\IntelliJ IDEA Community Edition\plugins\maven\lib\maven3 -Dclassworlds.conf=D:\Programming\IntelliJ IDEA Community Edition\plugins\maven\lib\maven3\bin\m2.conf -Dmaven.ext.class.path=D:\Programming\IntelliJ IDEA Community Edition\plugins\maven\lib\maven-event-listener.jar -javaagent:D:\Programming\IntelliJ IDEA Community Edition\lib\idea_rt.jar=60445:D:\Programming\IntelliJ IDEA Community Edition\bin -Dfile.encoding=UTF-8 
java_command: org.codehaus.classworlds.Launcher -Didea.version=2021.1.2 -DskipTests=true clean install
java_class_path (initial): D:\Programming\IntelliJ IDEA Community Edition\plugins\maven\lib\maven3\boot\plexus-classworlds-2.6.0.jar;D:\Programming\IntelliJ IDEA Community Edition\plugins\maven\lib\maven3\boot\plexus-classworlds.license
Launcher Type: SUN_STANDARD

[Global flags]
     intx CICompilerCount                          = 12                                        {product} {ergonomic}
     uint ConcGCThreads                            = 3                                         {product} {ergonomic}
     uint G1ConcRefinementThreads                  = 13                                        {product} {ergonomic}
   size_t G1HeapRegionSize                         = 2097152                                   {product} {ergonomic}
    uintx GCDrainStackTargetSize                   = 64                                        {product} {ergonomic}
   size_t InitialHeapSize                          = 268435456                                 {product} {ergonomic}
   size_t MarkStackSize                            = 4194304                                   {product} {ergonomic}
   size_t MaxHeapSize                              = 4282384384                                {product} {ergonomic}
   size_t MinHeapDeltaBytes                        = 2097152                                   {product} {ergonomic}
   size_t MinHeapSize                              = 8388608                                   {product} {ergonomic}
    uintx NonNMethodCodeHeapSize                   = 7602480                                {pd product} {ergonomic}
    uintx NonProfiledCodeHeapSize                  = 122027880                              {pd product} {ergonomic}
    uintx ProfiledCodeHeapSize                     = 122027880                              {pd product} {ergonomic}
    uintx ReservedCodeCacheSize                    = 251658240                              {pd product} {ergonomic}
     bool SegmentedCodeCache                       = true                                      {product} {ergonomic}
   size_t SoftMaxHeapSize                          = 4282384384                             {manageable} {ergonomic}
     bool UseCompressedClassPointers               = true                           {product lp64_product} {ergonomic}
     bool UseCompressedOops                        = true                           {product lp64_product} {ergonomic}
     bool UseG1GC                                  = true                                      {product} {ergonomic}
     bool UseLargePagesIndividualAllocation        = false                                  {pd product} {ergonomic}

Logging:
Log output configuration:
 #0: stdout all=warning uptime,level,tags
 #1: stderr all=off uptime,level,tags

Environment Variables:
PATH=C:\Program Files\Common Files\Oracle\Java\javapath;C:\Python39\Scripts\;C:\Python39\;C:\Program Files (x86)\Common Files\Oracle\Java\javapath;C:\WINDOWS\system32;C:\WINDOWS;C:\WINDOWS\System32\Wbem;C:\WINDOWS\System32\WindowsPowerShell\v1.0\;C:\WINDOWS\System32\OpenSSH\;D:\Programming\NodeJS\;C:\ProgramData\chocolatey\bin;C:\Users\Aureus\AppData\Local\atom\bin;D:\Utilities\Bitvise;C:\Program Files (x86)\ZeroTier\One\;D:\Utilities\Git\cmd;C:\Program Files (x86)\NVIDIA Corporation\PhysX\Common;C:\Program Files\NVIDIA Corporation\NVIDIA NvDLISR;C:\Program Files\MySQL\MySQL Shell 8.0\bin\;C:\Users\Aureus\AppData\Local\Microsoft\WindowsApps;D:\Programming\IntelliJ IDEA Community Edition 2020.2.1\bin;C:\Users\Aureus\AppData\Roaming\npm;C:\Users\Aureus\AppData\Local\atom\bin;D:\Utilities\Heroku CLI\bin;C:\Users\Aureus\AppData\Local\Microsoft\WindowsApps;
USERNAME=Aureus
OS=Windows_NT
PROCESSOR_IDENTIFIER=AMD64 Family 25 Model 33 Stepping 0, AuthenticAMD



---------------  S Y S T E M  ---------------

OS:
 Windows 10 , 64 bit Build 19041 (10.0.19041.1023)
OS uptime: 0 days 10:11 hours

CPU: total 16 (initial active 16) (16 cores per cpu, 2 threads per core) family 25 model 33 stepping 0 microcode 0x0, cx8, cmov, fxsr, ht, mmx, 3dnowpref, sse, sse2, sse3, ssse3, sse4a, sse4.1, sse4.2, popcnt, lzcnt, tsc, tscinvbit, avx, avx2, aes, erms, clmul, bmi1, bmi2, adx, sha, fma, vzeroupper, clflush, clflushopt

Memory: 4k page, system-wide physical 16328M (1109M free)
TotalPageFile size 20328M (AvailPageFile size 77M)
current process WorkingSet (physical memory assigned to process): 11M, peak: 11M
current process commit charge ("private bytes"): 71M, peak: 327M

vm_info: Java HotSpot(TM) 64-Bit Server VM (16.0.1+9-24) for windows-amd64 JRE (16.0.1+9-24), built on Mar 26 2021 19:31:42 by "mach5one" with MS VC++ 16.7 (VS2019)

END.
